<?xml version="1.0" encoding="UTF-8"?>
<!-- Generated by org.testng.reporters.JUnitReportReporter -->
<testsuite skipped="0" hostname="PUSHANTH-M-G3PD" name="com.komoot.library.Generic" tests="5" failures="0" timestamp="26 Apr 2018 11:17:39 GMT" time="143.083" errors="0">
  <testcase name="testWithInvalidEmailId" time="35.383" classname="com.komoot.library.Generic"/>
  <testcase name="testForMandatoryFieldName" time="26.198" classname="com.komoot.library.Generic"/>
  <testcase name="testForMandatoryFieldEmail" time="23.991" classname="com.komoot.library.Generic"/>
  <testcase name="testForMandatoryFieldPassword" time="30.307" classname="com.komoot.library.Generic"/>
  <testcase name="testForValidSignUp" time="27.204" classname="com.komoot.library.Generic"/>
</testsuite> <!-- com.komoot.library.Generic -->
