<?xml version="1.0" encoding="UTF-8"?>
<!-- Generated by org.testng.reporters.JUnitReportReporter -->
<testsuite skipped="0" hostname="PUSHANTH-M-G3PD" name="com.komoot.library.GenericUtility" tests="1" failures="0" timestamp="26 Apr 2018 08:08:08 GMT" time="20.573" errors="0">
  <testcase name="testWithInvalidEmailId" time="20.573" classname="com.komoot.library.GenericUtility"/>
</testsuite> <!-- com.komoot.library.GenericUtility -->
